[2015-07-07 15:41:38] production.ERROR: exception 'PDOException' with message 'SQLSTATE[HY000] [1044] Access denied for user ''@'localhost' to database 'forge'' in C:\wamp\www\fvd\vendor\laravel\framework\src\Illuminate\Database\Connectors\Connector.php:47
Stack trace:
#0 C:\wamp\www\fvd\vendor\laravel\framework\src\Illuminate\Database\Connectors\Connector.php(47): PDO->__construct('mysql:host=loca...', 'forge', '', Array)
#1 C:\wamp\www\fvd\vendor\laravel\framework\src\Illuminate\Database\Connectors\MySqlConnector.php(20): Illuminate\Database\Connectors\Connector->createConnection('mysql:host=loca...', Array, Array)
#2 C:\wamp\www\fvd\bootstrap\compiled.php(7713): Illuminate\Database\Connectors\MySqlConnector->connect(Array)
#3 C:\wamp\www\fvd\bootstrap\compiled.php(7709): Illuminate\Database\Connectors\ConnectionFactory->createSingleConnection(Array)
#4 C:\wamp\www\fvd\bootstrap\compiled.php(7621): Illuminate\Database\Connectors\ConnectionFactory->make(Array, 'mysql')
#5 C:\wamp\www\fvd\bootstrap\compiled.php(7576): Illuminate\Database\DatabaseManager->makeConnection('mysql')
#6 C:\wamp\www\fvd\vendor\laravel\framework\src\Illuminate\Database\Migrations\DatabaseMigrationRepository.php(167): Illuminate\Database\DatabaseManager->connection(NULL)
#7 C:\wamp\www\fvd\vendor\laravel\framework\src\Illuminate\Database\Migrations\DatabaseMigrationRepository.php(115): Illuminate\Database\Migrations\DatabaseMigrationRepository->getConnection()
#8 C:\wamp\www\fvd\vendor\laravel\framework\src\Illuminate\Database\Console\Migrations\InstallCommand.php(52): Illuminate\Database\Migrations\DatabaseMigrationRepository->createRepository()
#9 C:\wamp\www\fvd\vendor\laravel\framework\src\Illuminate\Console\Command.php(112): Illuminate\Database\Console\Migrations\InstallCommand->fire()
#10 C:\wamp\www\fvd\vendor\symfony\console\Symfony\Component\Console\Command\Command.php(253): Illuminate\Console\Command->execute(Object(Symfony\Component\Console\Input\ArgvInput), Object(Symfony\Component\Console\Output\ConsoleOutput))
#11 C:\wamp\www\fvd\vendor\laravel\framework\src\Illuminate\Console\Command.php(100): Symfony\Component\Console\Command\Command->run(Object(Symfony\Component\Console\Input\ArgvInput), Object(Symfony\Component\Console\Output\ConsoleOutput))
#12 C:\wamp\www\fvd\vendor\symfony\console\Symfony\Component\Console\Application.php(889): Illuminate\Console\Command->run(Object(Symfony\Component\Console\Input\ArgvInput), Object(Symfony\Component\Console\Output\ConsoleOutput))
#13 C:\wamp\www\fvd\vendor\symfony\console\Symfony\Component\Console\Application.php(193): Symfony\Component\Console\Application->doRunCommand(Object(Illuminate\Database\Console\Migrations\InstallCommand), Object(Symfony\Component\Console\Input\ArgvInput), Object(Symfony\Component\Console\Output\ConsoleOutput))
#14 C:\wamp\www\fvd\vendor\symfony\console\Symfony\Component\Console\Application.php(124): Symfony\Component\Console\Application->doRun(Object(Symfony\Component\Console\Input\ArgvInput), Object(Symfony\Component\Console\Output\ConsoleOutput))
#15 C:\wamp\www\fvd\artisan(59): Symfony\Component\Console\Application->run()
#16 {main} [] []
[2015-07-07 15:49:09] production.ERROR: exception 'PDOException' with message 'SQLSTATE[HY000] [1044] Access denied for user ''@'localhost' to database 'forge'' in C:\wamp\www\fvd\vendor\laravel\framework\src\Illuminate\Database\Connectors\Connector.php:47
Stack trace:
#0 C:\wamp\www\fvd\vendor\laravel\framework\src\Illuminate\Database\Connectors\Connector.php(47): PDO->__construct('mysql:host=loca...', 'forge', '', Array)
#1 C:\wamp\www\fvd\vendor\laravel\framework\src\Illuminate\Database\Connectors\MySqlConnector.php(20): Illuminate\Database\Connectors\Connector->createConnection('mysql:host=loca...', Array, Array)
#2 C:\wamp\www\fvd\bootstrap\compiled.php(7713): Illuminate\Database\Connectors\MySqlConnector->connect(Array)
#3 C:\wamp\www\fvd\bootstrap\compiled.php(7709): Illuminate\Database\Connectors\ConnectionFactory->createSingleConnection(Array)
#4 C:\wamp\www\fvd\bootstrap\compiled.php(7621): Illuminate\Database\Connectors\ConnectionFactory->make(Array, 'mysql')
#5 C:\wamp\www\fvd\bootstrap\compiled.php(7576): Illuminate\Database\DatabaseManager->makeConnection('mysql')
#6 C:\wamp\www\fvd\vendor\laravel\framework\src\Illuminate\Database\Migrations\DatabaseMigrationRepository.php(167): Illuminate\Database\DatabaseManager->connection(NULL)
#7 C:\wamp\www\fvd\vendor\laravel\framework\src\Illuminate\Database\Migrations\DatabaseMigrationRepository.php(115): Illuminate\Database\Migrations\DatabaseMigrationRepository->getConnection()
#8 C:\wamp\www\fvd\vendor\laravel\framework\src\Illuminate\Database\Console\Migrations\InstallCommand.php(52): Illuminate\Database\Migrations\DatabaseMigrationRepository->createRepository()
#9 C:\wamp\www\fvd\vendor\laravel\framework\src\Illuminate\Console\Command.php(112): Illuminate\Database\Console\Migrations\InstallCommand->fire()
#10 C:\wamp\www\fvd\vendor\symfony\console\Symfony\Component\Console\Command\Command.php(253): Illuminate\Console\Command->execute(Object(Symfony\Component\Console\Input\ArgvInput), Object(Symfony\Component\Console\Output\ConsoleOutput))
#11 C:\wamp\www\fvd\vendor\laravel\framework\src\Illuminate\Console\Command.php(100): Symfony\Component\Console\Command\Command->run(Object(Symfony\Component\Console\Input\ArgvInput), Object(Symfony\Component\Console\Output\ConsoleOutput))
#12 C:\wamp\www\fvd\vendor\symfony\console\Symfony\Component\Console\Application.php(889): Illuminate\Console\Command->run(Object(Symfony\Component\Console\Input\ArgvInput), Object(Symfony\Component\Console\Output\ConsoleOutput))
#13 C:\wamp\www\fvd\vendor\symfony\console\Symfony\Component\Console\Application.php(193): Symfony\Component\Console\Application->doRunCommand(Object(Illuminate\Database\Console\Migrations\InstallCommand), Object(Symfony\Component\Console\Input\ArgvInput), Object(Symfony\Component\Console\Output\ConsoleOutput))
#14 C:\wamp\www\fvd\vendor\symfony\console\Symfony\Component\Console\Application.php(124): Symfony\Component\Console\Application->doRun(Object(Symfony\Component\Console\Input\ArgvInput), Object(Symfony\Component\Console\Output\ConsoleOutput))
#15 C:\wamp\www\fvd\artisan(59): Symfony\Component\Console\Application->run()
#16 {main} [] []
[2015-07-07 15:49:38] production.ERROR: exception 'PDOException' with message 'SQLSTATE[HY000] [1044] Access denied for user ''@'localhost' to database 'forge'' in C:\wamp\www\fvd\vendor\laravel\framework\src\Illuminate\Database\Connectors\Connector.php:47
Stack trace:
#0 C:\wamp\www\fvd\vendor\laravel\framework\src\Illuminate\Database\Connectors\Connector.php(47): PDO->__construct('mysql:host=loca...', 'forge', '', Array)
#1 C:\wamp\www\fvd\vendor\laravel\framework\src\Illuminate\Database\Connectors\MySqlConnector.php(20): Illuminate\Database\Connectors\Connector->createConnection('mysql:host=loca...', Array, Array)
#2 C:\wamp\www\fvd\bootstrap\compiled.php(7713): Illuminate\Database\Connectors\MySqlConnector->connect(Array)
#3 C:\wamp\www\fvd\bootstrap\compiled.php(7709): Illuminate\Database\Connectors\ConnectionFactory->createSingleConnection(Array)
#4 C:\wamp\www\fvd\bootstrap\compiled.php(7621): Illuminate\Database\Connectors\ConnectionFactory->make(Array, 'mysql')
#5 C:\wamp\www\fvd\bootstrap\compiled.php(7576): Illuminate\Database\DatabaseManager->makeConnection('mysql')
#6 C:\wamp\www\fvd\vendor\laravel\framework\src\Illuminate\Database\Migrations\DatabaseMigrationRepository.php(167): Illuminate\Database\DatabaseManager->connection(NULL)
#7 C:\wamp\www\fvd\vendor\laravel\framework\src\Illuminate\Database\Migrations\DatabaseMigrationRepository.php(115): Illuminate\Database\Migrations\DatabaseMigrationRepository->getConnection()
#8 C:\wamp\www\fvd\vendor\laravel\framework\src\Illuminate\Database\Console\Migrations\InstallCommand.php(52): Illuminate\Database\Migrations\DatabaseMigrationRepository->createRepository()
#9 C:\wamp\www\fvd\vendor\laravel\framework\src\Illuminate\Console\Command.php(112): Illuminate\Database\Console\Migrations\InstallCommand->fire()
#10 C:\wamp\www\fvd\vendor\symfony\console\Symfony\Component\Console\Command\Command.php(253): Illuminate\Console\Command->execute(Object(Symfony\Component\Console\Input\ArgvInput), Object(Symfony\Component\Console\Output\ConsoleOutput))
#11 C:\wamp\www\fvd\vendor\laravel\framework\src\Illuminate\Console\Command.php(100): Symfony\Component\Console\Command\Command->run(Object(Symfony\Component\Console\Input\ArgvInput), Object(Symfony\Component\Console\Output\ConsoleOutput))
#12 C:\wamp\www\fvd\vendor\symfony\console\Symfony\Component\Console\Application.php(889): Illuminate\Console\Command->run(Object(Symfony\Component\Console\Input\ArgvInput), Object(Symfony\Component\Console\Output\ConsoleOutput))
#13 C:\wamp\www\fvd\vendor\symfony\console\Symfony\Component\Console\Application.php(193): Symfony\Component\Console\Application->doRunCommand(Object(Illuminate\Database\Console\Migrations\InstallCommand), Object(Symfony\Component\Console\Input\ArgvInput), Object(Symfony\Component\Console\Output\ConsoleOutput))
#14 C:\wamp\www\fvd\vendor\symfony\console\Symfony\Component\Console\Application.php(124): Symfony\Component\Console\Application->doRun(Object(Symfony\Component\Console\Input\ArgvInput), Object(Symfony\Component\Console\Output\ConsoleOutput))
#15 C:\wamp\www\fvd\artisan(59): Symfony\Component\Console\Application->run()
#16 {main} [] []
[2015-07-07 19:52:26] production.ERROR: exception 'Symfony\Component\Debug\Exception\FatalErrorException' with message 'Class 'Language' not found' in C:\wamp\www\fvd\app\database\seeds\ConstantsSeeder.php:7
Stack trace:
#0 [internal function]: Illuminate\Exception\Handler->handleShutdown()
#1 {main} [] []
[2015-07-07 20:09:32] production.ERROR: exception 'PDOException' with message 'SQLSTATE[42S02]: Base table or view not found: 1146 Table 'dev.languages' doesn't exist' in C:\wamp\www\fvd\vendor\laravel\framework\src\Illuminate\Database\Connection.php:369
Stack trace:
#0 C:\wamp\www\fvd\vendor\laravel\framework\src\Illuminate\Database\Connection.php(369): PDO->prepare('insert into `la...')
#1 C:\wamp\www\fvd\vendor\laravel\framework\src\Illuminate\Database\Connection.php(617): Illuminate\Database\Connection->Illuminate\Database\{closure}(Object(Illuminate\Database\MySqlConnection), 'insert into `la...', Array)
#2 C:\wamp\www\fvd\vendor\laravel\framework\src\Illuminate\Database\Connection.php(581): Illuminate\Database\Connection->runQueryCallback('insert into `la...', Array, Object(Closure))
#3 C:\wamp\www\fvd\vendor\laravel\framework\src\Illuminate\Database\Connection.php(370): Illuminate\Database\Connection->run('insert into `la...', Array, Object(Closure))
#4 C:\wamp\www\fvd\vendor\laravel\framework\src\Illuminate\Database\Connection.php(327): Illuminate\Database\Connection->statement('insert into `la...', Array)
#5 C:\wamp\www\fvd\vendor\laravel\framework\src\Illuminate\Database\Query\Processors\Processor.php(30): Illuminate\Database\Connection->insert('insert into `la...', Array)
#6 C:\wamp\www\fvd\vendor\laravel\framework\src\Illuminate\Database\Query\Builder.php(1910): Illuminate\Database\Query\Processors\Processor->processInsertGetId(Object(Illuminate\Database\Query\Builder), 'insert into `la...', Array, 'id')
#7 [internal function]: Illuminate\Database\Query\Builder->insertGetId(Array, 'id')
#8 C:\wamp\www\fvd\vendor\laravel\framework\src\Illuminate\Database\Eloquent\Builder.php(972): call_user_func_array(Array, Array)
#9 C:\wamp\www\fvd\bootstrap\compiled.php(6913): Illuminate\Database\Eloquent\Builder->__call('insertGetId', Array)
#10 C:\wamp\www\fvd\bootstrap\compiled.php(6913): Illuminate\Database\Eloquent\Builder->insertGetId(Array, 'id')
#11 C:\wamp\www\fvd\bootstrap\compiled.php(6903): Illuminate\Database\Eloquent\Model->insertAndSetId(Object(Illuminate\Database\Eloquent\Builder), Array)
#12 C:\wamp\www\fvd\bootstrap\compiled.php(6860): Illuminate\Database\Eloquent\Model->performInsert(Object(Illuminate\Database\Eloquent\Builder), Array)
#13 C:\wamp\www\fvd\bootstrap\compiled.php(6506): Illuminate\Database\Eloquent\Model->save()
#14 C:\wamp\www\fvd\app\database\seeds\ConstantsSeeder.php(7): Illuminate\Database\Eloquent\Model::create(Array)
#15 C:\wamp\www\fvd\vendor\laravel\framework\src\Illuminate\Database\Seeder.php(37): ConstantsSeeder->run()
#16 C:\wamp\www\fvd\app\database\seeds\DatabaseSeeder.php(15): Illuminate\Database\Seeder->call('ConstantsSeeder')
#17 C:\wamp\www\fvd\vendor\laravel\framework\src\Illuminate\Database\Console\SeedCommand.php(57): DatabaseSeeder->run()
#18 C:\wamp\www\fvd\vendor\laravel\framework\src\Illuminate\Console\Command.php(112): Illuminate\Database\Console\SeedCommand->fire()
#19 C:\wamp\www\fvd\vendor\symfony\console\Symfony\Component\Console\Command\Command.php(253): Illuminate\Console\Command->execute(Object(Symfony\Component\Console\Input\ArgvInput), Object(Symfony\Component\Console\Output\ConsoleOutput))
#20 C:\wamp\www\fvd\vendor\laravel\framework\src\Illuminate\Console\Command.php(100): Symfony\Component\Console\Command\Command->run(Object(Symfony\Component\Console\Input\ArgvInput), Object(Symfony\Component\Console\Output\ConsoleOutput))
#21 C:\wamp\www\fvd\vendor\symfony\console\Symfony\Component\Console\Application.php(889): Illuminate\Console\Command->run(Object(Symfony\Component\Console\Input\ArgvInput), Object(Symfony\Component\Console\Output\ConsoleOutput))
#22 C:\wamp\www\fvd\vendor\symfony\console\Symfony\Component\Console\Application.php(193): Symfony\Component\Console\Application->doRunCommand(Object(Illuminate\Database\Console\SeedCommand), Object(Symfony\Component\Console\Input\ArgvInput), Object(Symfony\Component\Console\Output\ConsoleOutput))
#23 C:\wamp\www\fvd\vendor\symfony\console\Symfony\Component\Console\Application.php(124): Symfony\Component\Console\Application->doRun(Object(Symfony\Component\Console\Input\ArgvInput), Object(Symfony\Component\Console\Output\ConsoleOutput))
#24 C:\wamp\www\fvd\artisan(59): Symfony\Component\Console\Application->run()
#25 {main}

Next exception 'Illuminate\Database\QueryException' with message 'SQLSTATE[42S02]: Base table or view not found: 1146 Table 'dev.languages' doesn't exist (SQL: insert into `languages` (`name`, `locale`) values (Español, es))' in C:\wamp\www\fvd\vendor\laravel\framework\src\Illuminate\Database\Connection.php:625
Stack trace:
#0 C:\wamp\www\fvd\vendor\laravel\framework\src\Illuminate\Database\Connection.php(581): Illuminate\Database\Connection->runQueryCallback('insert into `la...', Array, Object(Closure))
#1 C:\wamp\www\fvd\vendor\laravel\framework\src\Illuminate\Database\Connection.php(370): Illuminate\Database\Connection->run('insert into `la...', Array, Object(Closure))
#2 C:\wamp\www\fvd\vendor\laravel\framework\src\Illuminate\Database\Connection.php(327): Illuminate\Database\Connection->statement('insert into `la...', Array)
#3 C:\wamp\www\fvd\vendor\laravel\framework\src\Illuminate\Database\Query\Processors\Processor.php(30): Illuminate\Database\Connection->insert('insert into `la...', Array)
#4 C:\wamp\www\fvd\vendor\laravel\framework\src\Illuminate\Database\Query\Builder.php(1910): Illuminate\Database\Query\Processors\Processor->processInsertGetId(Object(Illuminate\Database\Query\Builder), 'insert into `la...', Array, 'id')
#5 [internal function]: Illuminate\Database\Query\Builder->insertGetId(Array, 'id')
#6 C:\wamp\www\fvd\vendor\laravel\framework\src\Illuminate\Database\Eloquent\Builder.php(972): call_user_func_array(Array, Array)
#7 C:\wamp\www\fvd\bootstrap\compiled.php(6913): Illuminate\Database\Eloquent\Builder->__call('insertGetId', Array)
#8 C:\wamp\www\fvd\bootstrap\compiled.php(6913): Illuminate\Database\Eloquent\Builder->insertGetId(Array, 'id')
#9 C:\wamp\www\fvd\bootstrap\compiled.php(6903): Illuminate\Database\Eloquent\Model->insertAndSetId(Object(Illuminate\Database\Eloquent\Builder), Array)
#10 C:\wamp\www\fvd\bootstrap\compiled.php(6860): Illuminate\Database\Eloquent\Model->performInsert(Object(Illuminate\Database\Eloquent\Builder), Array)
#11 C:\wamp\www\fvd\bootstrap\compiled.php(6506): Illuminate\Database\Eloquent\Model->save()
#12 C:\wamp\www\fvd\app\database\seeds\ConstantsSeeder.php(7): Illuminate\Database\Eloquent\Model::create(Array)
#13 C:\wamp\www\fvd\vendor\laravel\framework\src\Illuminate\Database\Seeder.php(37): ConstantsSeeder->run()
#14 C:\wamp\www\fvd\app\database\seeds\DatabaseSeeder.php(15): Illuminate\Database\Seeder->call('ConstantsSeeder')
#15 C:\wamp\www\fvd\vendor\laravel\framework\src\Illuminate\Database\Console\SeedCommand.php(57): DatabaseSeeder->run()
#16 C:\wamp\www\fvd\vendor\laravel\framework\src\Illuminate\Console\Command.php(112): Illuminate\Database\Console\SeedCommand->fire()
#17 C:\wamp\www\fvd\vendor\symfony\console\Symfony\Component\Console\Command\Command.php(253): Illuminate\Console\Command->execute(Object(Symfony\Component\Console\Input\ArgvInput), Object(Symfony\Component\Console\Output\ConsoleOutput))
#18 C:\wamp\www\fvd\vendor\laravel\framework\src\Illuminate\Console\Command.php(100): Symfony\Component\Console\Command\Command->run(Object(Symfony\Component\Console\Input\ArgvInput), Object(Symfony\Component\Console\Output\ConsoleOutput))
#19 C:\wamp\www\fvd\vendor\symfony\console\Symfony\Component\Console\Application.php(889): Illuminate\Console\Command->run(Object(Symfony\Component\Console\Input\ArgvInput), Object(Symfony\Component\Console\Output\ConsoleOutput))
#20 C:\wamp\www\fvd\vendor\symfony\console\Symfony\Component\Console\Application.php(193): Symfony\Component\Console\Application->doRunCommand(Object(Illuminate\Database\Console\SeedCommand), Object(Symfony\Component\Console\Input\ArgvInput), Object(Symfony\Component\Console\Output\ConsoleOutput))
#21 C:\wamp\www\fvd\vendor\symfony\console\Symfony\Component\Console\Application.php(124): Symfony\Component\Console\Application->doRun(Object(Symfony\Component\Console\Input\ArgvInput), Object(Symfony\Component\Console\Output\ConsoleOutput))
#22 C:\wamp\www\fvd\artisan(59): Symfony\Component\Console\Application->run()
#23 {main} [] []
[2015-07-07 20:15:56] production.ERROR: exception 'PDOException' with message 'SQLSTATE[42S02]: Base table or view not found: 1051 Unknown table 'dev.currencies'' in C:\wamp\www\fvd\vendor\laravel\framework\src\Illuminate\Database\Connection.php:369
Stack trace:
#0 C:\wamp\www\fvd\vendor\laravel\framework\src\Illuminate\Database\Connection.php(369): PDOStatement->execute(Array)
#1 C:\wamp\www\fvd\vendor\laravel\framework\src\Illuminate\Database\Connection.php(617): Illuminate\Database\Connection->Illuminate\Database\{closure}(Object(Illuminate\Database\MySqlConnection), 'drop table `cur...', Array)
#2 C:\wamp\www\fvd\vendor\laravel\framework\src\Illuminate\Database\Connection.php(581): Illuminate\Database\Connection->runQueryCallback('drop table `cur...', Array, Object(Closure))
#3 C:\wamp\www\fvd\vendor\laravel\framework\src\Illuminate\Database\Connection.php(370): Illuminate\Database\Connection->run('drop table `cur...', Array, Object(Closure))
#4 C:\wamp\www\fvd\vendor\laravel\framework\src\Illuminate\Database\Schema\Blueprint.php(63): Illuminate\Database\Connection->statement('drop table `cur...')
#5 C:\wamp\www\fvd\vendor\laravel\framework\src\Illuminate\Database\Schema\Builder.php(169): Illuminate\Database\Schema\Blueprint->build(Object(Illuminate\Database\MySqlConnection), Object(Illuminate\Database\Schema\Grammars\MySqlGrammar))
#6 C:\wamp\www\fvd\vendor\laravel\framework\src\Illuminate\Database\Schema\Builder.php(127): Illuminate\Database\Schema\Builder->build(Object(Illuminate\Database\Schema\Blueprint))
#7 C:\wamp\www\fvd\bootstrap\compiled.php(3267): Illuminate\Database\Schema\Builder->drop('currencies')
#8 C:\wamp\www\fvd\app\database\migrations\2015_07_07_191640_db_factura_virtual.php(662): Illuminate\Support\Facades\Facade::__callStatic('drop', Array)
#9 C:\wamp\www\fvd\app\database\migrations\2015_07_07_191640_db_factura_virtual.php(662): Illuminate\Support\Facades\Schema::drop('currencies')
#10 C:\wamp\www\fvd\vendor\laravel\framework\src\Illuminate\Database\Migrations\Migrator.php(199): DbFacturaVirtual->down()
#11 C:\wamp\www\fvd\vendor\laravel\framework\src\Illuminate\Database\Migrations\Migrator.php(172): Illuminate\Database\Migrations\Migrator->runDown(Object(stdClass), false)
#12 C:\wamp\www\fvd\vendor\laravel\framework\src\Illuminate\Database\Console\Migrations\ResetCommand.php(61): Illuminate\Database\Migrations\Migrator->rollback(false)
#13 C:\wamp\www\fvd\vendor\laravel\framework\src\Illuminate\Console\Command.php(112): Illuminate\Database\Console\Migrations\ResetCommand->fire()
#14 C:\wamp\www\fvd\vendor\symfony\console\Symfony\Component\Console\Command\Command.php(253): Illuminate\Console\Command->execute(Object(Symfony\Component\Console\Input\ArgvInput), Object(Symfony\Component\Console\Output\ConsoleOutput))
#15 C:\wamp\www\fvd\vendor\laravel\framework\src\Illuminate\Console\Command.php(100): Symfony\Component\Console\Command\Command->run(Object(Symfony\Component\Console\Input\ArgvInput), Object(Symfony\Component\Console\Output\ConsoleOutput))
#16 C:\wamp\www\fvd\vendor\symfony\console\Symfony\Component\Console\Application.php(889): Illuminate\Console\Command->run(Object(Symfony\Component\Console\Input\ArgvInput), Object(Symfony\Component\Console\Output\ConsoleOutput))
#17 C:\wamp\www\fvd\vendor\symfony\console\Symfony\Component\Console\Application.php(193): Symfony\Component\Console\Application->doRunCommand(Object(Illuminate\Database\Console\Migrations\ResetCommand), Object(Symfony\Component\Console\Input\ArgvInput), Object(Symfony\Component\Console\Output\ConsoleOutput))
#18 C:\wamp\www\fvd\vendor\symfony\console\Symfony\Component\Console\Application.php(124): Symfony\Component\Console\Application->doRun(Object(Symfony\Component\Console\Input\ArgvInput), Object(Symfony\Component\Console\Output\ConsoleOutput))
#19 C:\wamp\www\fvd\artisan(59): Symfony\Component\Console\Application->run()
#20 {main}

Next exception 'Illuminate\Database\QueryException' with message 'SQLSTATE[42S02]: Base table or view not found: 1051 Unknown table 'dev.currencies' (SQL: drop table `currencies`)' in C:\wamp\www\fvd\vendor\laravel\framework\src\Illuminate\Database\Connection.php:625
Stack trace:
#0 C:\wamp\www\fvd\vendor\laravel\framework\src\Illuminate\Database\Connection.php(581): Illuminate\Database\Connection->runQueryCallback('drop table `cur...', Array, Object(Closure))
#1 C:\wamp\www\fvd\vendor\laravel\framework\src\Illuminate\Database\Connection.php(370): Illuminate\Database\Connection->run('drop table `cur...', Array, Object(Closure))
#2 C:\wamp\www\fvd\vendor\laravel\framework\src\Illuminate\Database\Schema\Blueprint.php(63): Illuminate\Database\Connection->statement('drop table `cur...')
#3 C:\wamp\www\fvd\vendor\laravel\framework\src\Illuminate\Database\Schema\Builder.php(169): Illuminate\Database\Schema\Blueprint->build(Object(Illuminate\Database\MySqlConnection), Object(Illuminate\Database\Schema\Grammars\MySqlGrammar))
#4 C:\wamp\www\fvd\vendor\laravel\framework\src\Illuminate\Database\Schema\Builder.php(127): Illuminate\Database\Schema\Builder->build(Object(Illuminate\Database\Schema\Blueprint))
#5 C:\wamp\www\fvd\bootstrap\compiled.php(3267): Illuminate\Database\Schema\Builder->drop('currencies')
#6 C:\wamp\www\fvd\app\database\migrations\2015_07_07_191640_db_factura_virtual.php(662): Illuminate\Support\Facades\Facade::__callStatic('drop', Array)
#7 C:\wamp\www\fvd\app\database\migrations\2015_07_07_191640_db_factura_virtual.php(662): Illuminate\Support\Facades\Schema::drop('currencies')
#8 C:\wamp\www\fvd\vendor\laravel\framework\src\Illuminate\Database\Migrations\Migrator.php(199): DbFacturaVirtual->down()
#9 C:\wamp\www\fvd\vendor\laravel\framework\src\Illuminate\Database\Migrations\Migrator.php(172): Illuminate\Database\Migrations\Migrator->runDown(Object(stdClass), false)
#10 C:\wamp\www\fvd\vendor\laravel\framework\src\Illuminate\Database\Console\Migrations\ResetCommand.php(61): Illuminate\Database\Migrations\Migrator->rollback(false)
#11 C:\wamp\www\fvd\vendor\laravel\framework\src\Illuminate\Console\Command.php(112): Illuminate\Database\Console\Migrations\ResetCommand->fire()
#12 C:\wamp\www\fvd\vendor\symfony\console\Symfony\Component\Console\Command\Command.php(253): Illuminate\Console\Command->execute(Object(Symfony\Component\Console\Input\ArgvInput), Object(Symfony\Component\Console\Output\ConsoleOutput))
#13 C:\wamp\www\fvd\vendor\laravel\framework\src\Illuminate\Console\Command.php(100): Symfony\Component\Console\Command\Command->run(Object(Symfony\Component\Console\Input\ArgvInput), Object(Symfony\Component\Console\Output\ConsoleOutput))
#14 C:\wamp\www\fvd\vendor\symfony\console\Symfony\Component\Console\Application.php(889): Illuminate\Console\Command->run(Object(Symfony\Component\Console\Input\ArgvInput), Object(Symfony\Component\Console\Output\ConsoleOutput))
#15 C:\wamp\www\fvd\vendor\symfony\console\Symfony\Component\Console\Application.php(193): Symfony\Component\Console\Application->doRunCommand(Object(Illuminate\Database\Console\Migrations\ResetCommand), Object(Symfony\Component\Console\Input\ArgvInput), Object(Symfony\Component\Console\Output\ConsoleOutput))
#16 C:\wamp\www\fvd\vendor\symfony\console\Symfony\Component\Console\Application.php(124): Symfony\Component\Console\Application->doRun(Object(Symfony\Component\Console\Input\ArgvInput), Object(Symfony\Component\Console\Output\ConsoleOutput))
#17 C:\wamp\www\fvd\artisan(59): Symfony\Component\Console\Application->run()
#18 {main} [] []
[2015-07-07 20:19:55] production.ERROR: exception 'PDOException' with message 'SQLSTATE[42S02]: Base table or view not found: 1051 Unknown table 'dev.currencies'' in C:\wamp\www\fvd\vendor\laravel\framework\src\Illuminate\Database\Connection.php:369
Stack trace:
#0 C:\wamp\www\fvd\vendor\laravel\framework\src\Illuminate\Database\Connection.php(369): PDOStatement->execute(Array)
#1 C:\wamp\www\fvd\vendor\laravel\framework\src\Illuminate\Database\Connection.php(617): Illuminate\Database\Connection->Illuminate\Database\{closure}(Object(Illuminate\Database\MySqlConnection), 'drop table `cur...', Array)
#2 C:\wamp\www\fvd\vendor\laravel\framework\src\Illuminate\Database\Connection.php(581): Illuminate\Database\Connection->runQueryCallback('drop table `cur...', Array, Object(Closure))
#3 C:\wamp\www\fvd\vendor\laravel\framework\src\Illuminate\Database\Connection.php(370): Illuminate\Database\Connection->run('drop table `cur...', Array, Object(Closure))
#4 C:\wamp\www\fvd\vendor\laravel\framework\src\Illuminate\Database\Schema\Blueprint.php(63): Illuminate\Database\Connection->statement('drop table `cur...')
#5 C:\wamp\www\fvd\vendor\laravel\framework\src\Illuminate\Database\Schema\Builder.php(169): Illuminate\Database\Schema\Blueprint->build(Object(Illuminate\Database\MySqlConnection), Object(Illuminate\Database\Schema\Grammars\MySqlGrammar))
#6 C:\wamp\www\fvd\vendor\laravel\framework\src\Illuminate\Database\Schema\Builder.php(127): Illuminate\Database\Schema\Builder->build(Object(Illuminate\Database\Schema\Blueprint))
#7 C:\wamp\www\fvd\bootstrap\compiled.php(3267): Illuminate\Database\Schema\Builder->drop('currencies')
#8 C:\wamp\www\fvd\app\database\migrations\2015_07_07_191640_db_factura_virtual.php(662): Illuminate\Support\Facades\Facade::__callStatic('drop', Array)
#9 C:\wamp\www\fvd\app\database\migrations\2015_07_07_191640_db_factura_virtual.php(662): Illuminate\Support\Facades\Schema::drop('currencies')
#10 C:\wamp\www\fvd\vendor\laravel\framework\src\Illuminate\Database\Migrations\Migrator.php(199): DbFacturaVirtual->down()
#11 C:\wamp\www\fvd\vendor\laravel\framework\src\Illuminate\Database\Migrations\Migrator.php(172): Illuminate\Database\Migrations\Migrator->runDown(Object(stdClass), false)
#12 C:\wamp\www\fvd\vendor\laravel\framework\src\Illuminate\Database\Console\Migrations\RollbackCommand.php(59): Illuminate\Database\Migrations\Migrator->rollback(false)
#13 C:\wamp\www\fvd\vendor\laravel\framework\src\Illuminate\Console\Command.php(112): Illuminate\Database\Console\Migrations\RollbackCommand->fire()
#14 C:\wamp\www\fvd\vendor\symfony\console\Symfony\Component\Console\Command\Command.php(253): Illuminate\Console\Command->execute(Object(Symfony\Component\Console\Input\ArgvInput), Object(Symfony\Component\Console\Output\ConsoleOutput))
#15 C:\wamp\www\fvd\vendor\laravel\framework\src\Illuminate\Console\Command.php(100): Symfony\Component\Console\Command\Command->run(Object(Symfony\Component\Console\Input\ArgvInput), Object(Symfony\Component\Console\Output\ConsoleOutput))
#16 C:\wamp\www\fvd\vendor\symfony\console\Symfony\Component\Console\Application.php(889): Illuminate\Console\Command->run(Object(Symfony\Component\Console\Input\ArgvInput), Object(Symfony\Component\Console\Output\ConsoleOutput))
#17 C:\wamp\www\fvd\vendor\symfony\console\Symfony\Component\Console\Application.php(193): Symfony\Component\Console\Application->doRunCommand(Object(Illuminate\Database\Console\Migrations\RollbackCommand), Object(Symfony\Component\Console\Input\ArgvInput), Object(Symfony\Component\Console\Output\ConsoleOutput))
#18 C:\wamp\www\fvd\vendor\symfony\console\Symfony\Component\Console\Application.php(124): Symfony\Component\Console\Application->doRun(Object(Symfony\Component\Console\Input\ArgvInput), Object(Symfony\Component\Console\Output\ConsoleOutput))
#19 C:\wamp\www\fvd\artisan(59): Symfony\Component\Console\Application->run()
#20 {main}

Next exception 'Illuminate\Database\QueryException' with message 'SQLSTATE[42S02]: Base table or view not found: 1051 Unknown table 'dev.currencies' (SQL: drop table `currencies`)' in C:\wamp\www\fvd\vendor\laravel\framework\src\Illuminate\Database\Connection.php:625
Stack trace:
#0 C:\wamp\www\fvd\vendor\laravel\framework\src\Illuminate\Database\Connection.php(581): Illuminate\Database\Connection->runQueryCallback('drop table `cur...', Array, Object(Closure))
#1 C:\wamp\www\fvd\vendor\laravel\framework\src\Illuminate\Database\Connection.php(370): Illuminate\Database\Connection->run('drop table `cur...', Array, Object(Closure))
#2 C:\wamp\www\fvd\vendor\laravel\framework\src\Illuminate\Database\Schema\Blueprint.php(63): Illuminate\Database\Connection->statement('drop table `cur...')
#3 C:\wamp\www\fvd\vendor\laravel\framework\src\Illuminate\Database\Schema\Builder.php(169): Illuminate\Database\Schema\Blueprint->build(Object(Illuminate\Database\MySqlConnection), Object(Illuminate\Database\Schema\Grammars\MySqlGrammar))
#4 C:\wamp\www\fvd\vendor\laravel\framework\src\Illuminate\Database\Schema\Builder.php(127): Illuminate\Database\Schema\Builder->build(Object(Illuminate\Database\Schema\Blueprint))
#5 C:\wamp\www\fvd\bootstrap\compiled.php(3267): Illuminate\Database\Schema\Builder->drop('currencies')
#6 C:\wamp\www\fvd\app\database\migrations\2015_07_07_191640_db_factura_virtual.php(662): Illuminate\Support\Facades\Facade::__callStatic('drop', Array)
#7 C:\wamp\www\fvd\app\database\migrations\2015_07_07_191640_db_factura_virtual.php(662): Illuminate\Support\Facades\Schema::drop('currencies')
#8 C:\wamp\www\fvd\vendor\laravel\framework\src\Illuminate\Database\Migrations\Migrator.php(199): DbFacturaVirtual->down()
#9 C:\wamp\www\fvd\vendor\laravel\framework\src\Illuminate\Database\Migrations\Migrator.php(172): Illuminate\Database\Migrations\Migrator->runDown(Object(stdClass), false)
#10 C:\wamp\www\fvd\vendor\laravel\framework\src\Illuminate\Database\Console\Migrations\RollbackCommand.php(59): Illuminate\Database\Migrations\Migrator->rollback(false)
#11 C:\wamp\www\fvd\vendor\laravel\framework\src\Illuminate\Console\Command.php(112): Illuminate\Database\Console\Migrations\RollbackCommand->fire()
#12 C:\wamp\www\fvd\vendor\symfony\console\Symfony\Component\Console\Command\Command.php(253): Illuminate\Console\Command->execute(Object(Symfony\Component\Console\Input\ArgvInput), Object(Symfony\Component\Console\Output\ConsoleOutput))
#13 C:\wamp\www\fvd\vendor\laravel\framework\src\Illuminate\Console\Command.php(100): Symfony\Component\Console\Command\Command->run(Object(Symfony\Component\Console\Input\ArgvInput), Object(Symfony\Component\Console\Output\ConsoleOutput))
#14 C:\wamp\www\fvd\vendor\symfony\console\Symfony\Component\Console\Application.php(889): Illuminate\Console\Command->run(Object(Symfony\Component\Console\Input\ArgvInput), Object(Symfony\Component\Console\Output\ConsoleOutput))
#15 C:\wamp\www\fvd\vendor\symfony\console\Symfony\Component\Console\Application.php(193): Symfony\Component\Console\Application->doRunCommand(Object(Illuminate\Database\Console\Migrations\RollbackCommand), Object(Symfony\Component\Console\Input\ArgvInput), Object(Symfony\Component\Console\Output\ConsoleOutput))
#16 C:\wamp\www\fvd\vendor\symfony\console\Symfony\Component\Console\Application.php(124): Symfony\Component\Console\Application->doRun(Object(Symfony\Component\Console\Input\ArgvInput), Object(Symfony\Component\Console\Output\ConsoleOutput))
#17 C:\wamp\www\fvd\artisan(59): Symfony\Component\Console\Application->run()
#18 {main} [] []
[2015-07-07 20:20:18] production.ERROR: exception 'PDOException' with message 'SQLSTATE[42S02]: Base table or view not found: 1051 Unknown table 'dev.currencies'' in C:\wamp\www\fvd\vendor\laravel\framework\src\Illuminate\Database\Connection.php:369
Stack trace:
#0 C:\wamp\www\fvd\vendor\laravel\framework\src\Illuminate\Database\Connection.php(369): PDOStatement->execute(Array)
#1 C:\wamp\www\fvd\vendor\laravel\framework\src\Illuminate\Database\Connection.php(617): Illuminate\Database\Connection->Illuminate\Database\{closure}(Object(Illuminate\Database\MySqlConnection), 'drop table `cur...', Array)
#2 C:\wamp\www\fvd\vendor\laravel\framework\src\Illuminate\Database\Connection.php(581): Illuminate\Database\Connection->runQueryCallback('drop table `cur...', Array, Object(Closure))
#3 C:\wamp\www\fvd\vendor\laravel\framework\src\Illuminate\Database\Connection.php(370): Illuminate\Database\Connection->run('drop table `cur...', Array, Object(Closure))
#4 C:\wamp\www\fvd\vendor\laravel\framework\src\Illuminate\Database\Schema\Blueprint.php(63): Illuminate\Database\Connection->statement('drop table `cur...')
#5 C:\wamp\www\fvd\vendor\laravel\framework\src\Illuminate\Database\Schema\Builder.php(169): Illuminate\Database\Schema\Blueprint->build(Object(Illuminate\Database\MySqlConnection), Object(Illuminate\Database\Schema\Grammars\MySqlGrammar))
#6 C:\wamp\www\fvd\vendor\laravel\framework\src\Illuminate\Database\Schema\Builder.php(127): Illuminate\Database\Schema\Builder->build(Object(Illuminate\Database\Schema\Blueprint))
#7 C:\wamp\www\fvd\bootstrap\compiled.php(3267): Illuminate\Database\Schema\Builder->drop('currencies')
#8 C:\wamp\www\fvd\app\database\migrations\2015_07_07_191640_db_factura_virtual.php(662): Illuminate\Support\Facades\Facade::__callStatic('drop', Array)
#9 C:\wamp\www\fvd\app\database\migrations\2015_07_07_191640_db_factura_virtual.php(662): Illuminate\Support\Facades\Schema::drop('currencies')
#10 C:\wamp\www\fvd\vendor\laravel\framework\src\Illuminate\Database\Migrations\Migrator.php(199): DbFacturaVirtual->down()
#11 C:\wamp\www\fvd\vendor\laravel\framework\src\Illuminate\Database\Migrations\Migrator.php(172): Illuminate\Database\Migrations\Migrator->runDown(Object(stdClass), false)
#12 C:\wamp\www\fvd\vendor\laravel\framework\src\Illuminate\Database\Console\Migrations\ResetCommand.php(61): Illuminate\Database\Migrations\Migrator->rollback(false)
#13 C:\wamp\www\fvd\vendor\laravel\framework\src\Illuminate\Console\Command.php(112): Illuminate\Database\Console\Migrations\ResetCommand->fire()
#14 C:\wamp\www\fvd\vendor\symfony\console\Symfony\Component\Console\Command\Command.php(253): Illuminate\Console\Command->execute(Object(Symfony\Component\Console\Input\ArrayInput), Object(Symfony\Component\Console\Output\ConsoleOutput))
#15 C:\wamp\www\fvd\vendor\laravel\framework\src\Illuminate\Console\Command.php(100): Symfony\Component\Console\Command\Command->run(Object(Symfony\Component\Console\Input\ArrayInput), Object(Symfony\Component\Console\Output\ConsoleOutput))
#16 C:\wamp\www\fvd\vendor\laravel\framework\src\Illuminate\Console\Command.php(128): Illuminate\Console\Command->run(Object(Symfony\Component\Console\Input\ArrayInput), Object(Symfony\Component\Console\Output\ConsoleOutput))
#17 C:\wamp\www\fvd\vendor\laravel\framework\src\Illuminate\Database\Console\Migrations\RefreshCommand.php(40): Illuminate\Console\Command->call('migrate:reset', Array)
#18 C:\wamp\www\fvd\vendor\laravel\framework\src\Illuminate\Console\Command.php(112): Illuminate\Database\Console\Migrations\RefreshCommand->fire()
#19 C:\wamp\www\fvd\vendor\symfony\console\Symfony\Component\Console\Command\Command.php(253): Illuminate\Console\Command->execute(Object(Symfony\Component\Console\Input\ArgvInput), Object(Symfony\Component\Console\Output\ConsoleOutput))
#20 C:\wamp\www\fvd\vendor\laravel\framework\src\Illuminate\Console\Command.php(100): Symfony\Component\Console\Command\Command->run(Object(Symfony\Component\Console\Input\ArgvInput), Object(Symfony\Component\Console\Output\ConsoleOutput))
#21 C:\wamp\www\fvd\vendor\symfony\console\Symfony\Component\Console\Application.php(889): Illuminate\Console\Command->run(Object(Symfony\Component\Console\Input\ArgvInput), Object(Symfony\Component\Console\Output\ConsoleOutput))
#22 C:\wamp\www\fvd\vendor\symfony\console\Symfony\Component\Console\Application.php(193): Symfony\Component\Console\Application->doRunCommand(Object(Illuminate\Database\Console\Migrations\RefreshCommand), Object(Symfony\Component\Console\Input\ArgvInput), Object(Symfony\Component\Console\Output\ConsoleOutput))
#23 C:\wamp\www\fvd\vendor\symfony\console\Symfony\Component\Console\Application.php(124): Symfony\Component\Console\Application->doRun(Object(Symfony\Component\Console\Input\ArgvInput), Object(Symfony\Component\Console\Output\ConsoleOutput))
#24 C:\wamp\www\fvd\artisan(59): Symfony\Component\Console\Application->run()
#25 {main}

Next exception 'Illuminate\Database\QueryException' with message 'SQLSTATE[42S02]: Base table or view not found: 1051 Unknown table 'dev.currencies' (SQL: drop table `currencies`)' in C:\wamp\www\fvd\vendor\laravel\framework\src\Illuminate\Database\Connection.php:625
Stack trace:
#0 C:\wamp\www\fvd\vendor\laravel\framework\src\Illuminate\Database\Connection.php(581): Illuminate\Database\Connection->runQueryCallback('drop table `cur...', Array, Object(Closure))
#1 C:\wamp\www\fvd\vendor\laravel\framework\src\Illuminate\Database\Connection.php(370): Illuminate\Database\Connection->run('drop table `cur...', Array, Object(Closure))
#2 C:\wamp\www\fvd\vendor\laravel\framework\src\Illuminate\Database\Schema\Blueprint.php(63): Illuminate\Database\Connection->statement('drop table `cur...')
#3 C:\wamp\www\fvd\vendor\laravel\framework\src\Illuminate\Database\Schema\Builder.php(169): Illuminate\Database\Schema\Blueprint->build(Object(Illuminate\Database\MySqlConnection), Object(Illuminate\Database\Schema\Grammars\MySqlGrammar))
#4 C:\wamp\www\fvd\vendor\laravel\framework\src\Illuminate\Database\Schema\Builder.php(127): Illuminate\Database\Schema\Builder->build(Object(Illuminate\Database\Schema\Blueprint))
#5 C:\wamp\www\fvd\bootstrap\compiled.php(3267): Illuminate\Database\Schema\Builder->drop('currencies')
#6 C:\wamp\www\fvd\app\database\migrations\2015_07_07_191640_db_factura_virtual.php(662): Illuminate\Support\Facades\Facade::__callStatic('drop', Array)
#7 C:\wamp\www\fvd\app\database\migrations\2015_07_07_191640_db_factura_virtual.php(662): Illuminate\Support\Facades\Schema::drop('currencies')
#8 C:\wamp\www\fvd\vendor\laravel\framework\src\Illuminate\Database\Migrations\Migrator.php(199): DbFacturaVirtual->down()
#9 C:\wamp\www\fvd\vendor\laravel\framework\src\Illuminate\Database\Migrations\Migrator.php(172): Illuminate\Database\Migrations\Migrator->runDown(Object(stdClass), false)
#10 C:\wamp\www\fvd\vendor\laravel\framework\src\Illuminate\Database\Console\Migrations\ResetCommand.php(61): Illuminate\Database\Migrations\Migrator->rollback(false)
#11 C:\wamp\www\fvd\vendor\laravel\framework\src\Illuminate\Console\Command.php(112): Illuminate\Database\Console\Migrations\ResetCommand->fire()
#12 C:\wamp\www\fvd\vendor\symfony\console\Symfony\Component\Console\Command\Command.php(253): Illuminate\Console\Command->execute(Object(Symfony\Component\Console\Input\ArrayInput), Object(Symfony\Component\Console\Output\ConsoleOutput))
#13 C:\wamp\www\fvd\vendor\laravel\framework\src\Illuminate\Console\Command.php(100): Symfony\Component\Console\Command\Command->run(Object(Symfony\Component\Console\Input\ArrayInput), Object(Symfony\Component\Console\Output\ConsoleOutput))
#14 C:\wamp\www\fvd\vendor\laravel\framework\src\Illuminate\Console\Command.php(128): Illuminate\Console\Command->run(Object(Symfony\Component\Console\Input\ArrayInput), Object(Symfony\Component\Console\Output\ConsoleOutput))
#15 C:\wamp\www\fvd\vendor\laravel\framework\src\Illuminate\Database\Console\Migrations\RefreshCommand.php(40): Illuminate\Console\Command->call('migrate:reset', Array)
#16 C:\wamp\www\fvd\vendor\laravel\framework\src\Illuminate\Console\Command.php(112): Illuminate\Database\Console\Migrations\RefreshCommand->fire()
#17 C:\wamp\www\fvd\vendor\symfony\console\Symfony\Component\Console\Command\Command.php(253): Illuminate\Console\Command->execute(Object(Symfony\Component\Console\Input\ArgvInput), Object(Symfony\Component\Console\Output\ConsoleOutput))
#18 C:\wamp\www\fvd\vendor\laravel\framework\src\Illuminate\Console\Command.php(100): Symfony\Component\Console\Command\Command->run(Object(Symfony\Component\Console\Input\ArgvInput), Object(Symfony\Component\Console\Output\ConsoleOutput))
#19 C:\wamp\www\fvd\vendor\symfony\console\Symfony\Component\Console\Application.php(889): Illuminate\Console\Command->run(Object(Symfony\Component\Console\Input\ArgvInput), Object(Symfony\Component\Console\Output\ConsoleOutput))
#20 C:\wamp\www\fvd\vendor\symfony\console\Symfony\Component\Console\Application.php(193): Symfony\Component\Console\Application->doRunCommand(Object(Illuminate\Database\Console\Migrations\RefreshCommand), Object(Symfony\Component\Console\Input\ArgvInput), Object(Symfony\Component\Console\Output\ConsoleOutput))
#21 C:\wamp\www\fvd\vendor\symfony\console\Symfony\Component\Console\Application.php(124): Symfony\Component\Console\Application->doRun(Object(Symfony\Component\Console\Input\ArgvInput), Object(Symfony\Component\Console\Output\ConsoleOutput))
#22 C:\wamp\www\fvd\artisan(59): Symfony\Component\Console\Application->run()
#23 {main} [] []
